<?xml version="1.0" encoding="UTF-8"?>
<!-- Generated by org.testng.reporters.JUnitReportReporter -->
<testsuite hostname="DESKTOP-ISQTJQS" failures="0" tests="1" name="com.todos.tests.AddTodoTest" time="5.572" errors="0" timestamp="1 May 2021 00:03:56 GMT">
  <testcase classname="com.todos.tests.AddTodoTest" name="iCanAddTodo" time="5.572"/>
</testsuite> <!-- com.todos.tests.AddTodoTest -->
